<?xml version="1.0" encoding="UTF-8"?>
<testsuite xmlns:xsi="http://www.w3.org/2001/XMLSchema-instance" xsi:noNamespaceSchemaLocation="https://maven.apache.org/surefire/maven-surefire-plugin/xsd/surefire-test-report.xsd" name="runner.TestRunner" time="126.051" tests="14" errors="0" skipped="0" failures="1">
  <properties>
    <property name="java.specification.version" value="17"/>
    <property name="sun.cpu.isalist" value="amd64"/>
    <property name="sun.jnu.encoding" value="Cp1252"/>
    <property name="java.class.path" value="D:\JavaAutomationFrameworks\CucumberBDDWorkspace\HybridCucumberFramework\target\test-classes;D:\JavaAutomationFrameworks\CucumberBDDWorkspace\HybridCucumberFramework\target\classes;C:\Users\Amey\.m2\repository\junit\junit\4.11\junit-4.11.jar;C:\Users\Amey\.m2\repository\org\hamcrest\hamcrest-core\1.3\hamcrest-core-1.3.jar;C:\Users\Amey\.m2\repository\io\cucumber\cucumber-java\7.16.1\cucumber-java-7.16.1.jar;C:\Users\Amey\.m2\repository\org\apiguardian\apiguardian-api\1.1.2\apiguardian-api-1.1.2.jar;C:\Users\Amey\.m2\repository\io\cucumber\cucumber-junit\7.16.1\cucumber-junit-7.16.1.jar;C:\Users\Amey\.m2\repository\io\cucumber\cucumber-core\7.16.1\cucumber-core-7.16.1.jar;C:\Users\Amey\.m2\repository\io\cucumber\cucumber-gherkin\7.16.1\cucumber-gherkin-7.16.1.jar;C:\Users\Amey\.m2\repository\io\cucumber\cucumber-gherkin-messages\7.16.1\cucumber-gherkin-messages-7.16.1.jar;C:\Users\Amey\.m2\repository\io\cucumber\gherkin\28.0.0\gherkin-28.0.0.jar;C:\Users\Amey\.m2\repository\io\cucumber\messages\24.1.0\messages-24.1.0.jar;C:\Users\Amey\.m2\repository\io\cucumber\tag-expressions\6.1.0\tag-expressions-6.1.0.jar;C:\Users\Amey\.m2\repository\io\cucumber\cucumber-expressions\17.1.0\cucumber-expressions-17.1.0.jar;C:\Users\Amey\.m2\repository\io\cucumber\datatable\7.16.1\datatable-7.16.1.jar;C:\Users\Amey\.m2\repository\io\cucumber\cucumber-plugin\7.16.1\cucumber-plugin-7.16.1.jar;C:\Users\Amey\.m2\repository\io\cucumber\docstring\7.16.1\docstring-7.16.1.jar;C:\Users\Amey\.m2\repository\io\cucumber\html-formatter\21.3.0\html-formatter-21.3.0.jar;C:\Users\Amey\.m2\repository\io\cucumber\junit-xml-formatter\0.3.0\junit-xml-formatter-0.3.0.jar;C:\Users\Amey\.m2\repository\io\cucumber\ci-environment\10.0.1\ci-environment-10.0.1.jar;C:\Users\Amey\.m2\repository\org\seleniumhq\selenium\selenium-java\4.19.0\selenium-java-4.19.0.jar;C:\Users\Amey\.m2\repository\org\seleniumhq\selenium\selenium-api\4.19.0\selenium-api-4.19.0.jar;C:\Users\Amey\.m2\repository\org\seleniumhq\selenium\selenium-chrome-driver\4.19.0\selenium-chrome-driver-4.19.0.jar;C:\Users\Amey\.m2\repository\com\google\auto\service\auto-service-annotations\1.1.1\auto-service-annotations-1.1.1.jar;C:\Users\Amey\.m2\repository\org\seleniumhq\selenium\selenium-chromium-driver\4.19.0\selenium-chromium-driver-4.19.0.jar;C:\Users\Amey\.m2\repository\org\seleniumhq\selenium\selenium-json\4.19.0\selenium-json-4.19.0.jar;C:\Users\Amey\.m2\repository\org\seleniumhq\selenium\selenium-manager\4.19.0\selenium-manager-4.19.0.jar;C:\Users\Amey\.m2\repository\org\seleniumhq\selenium\selenium-devtools-v121\4.19.0\selenium-devtools-v121-4.19.0.jar;C:\Users\Amey\.m2\repository\org\seleniumhq\selenium\selenium-devtools-v122\4.19.0\selenium-devtools-v122-4.19.0.jar;C:\Users\Amey\.m2\repository\org\seleniumhq\selenium\selenium-devtools-v123\4.19.0\selenium-devtools-v123-4.19.0.jar;C:\Users\Amey\.m2\repository\org\seleniumhq\selenium\selenium-devtools-v85\4.19.0\selenium-devtools-v85-4.19.0.jar;C:\Users\Amey\.m2\repository\org\seleniumhq\selenium\selenium-edge-driver\4.19.0\selenium-edge-driver-4.19.0.jar;C:\Users\Amey\.m2\repository\org\seleniumhq\selenium\selenium-firefox-driver\4.19.0\selenium-firefox-driver-4.19.0.jar;C:\Users\Amey\.m2\repository\org\seleniumhq\selenium\selenium-http\4.19.0\selenium-http-4.19.0.jar;C:\Users\Amey\.m2\repository\dev\failsafe\failsafe\3.3.2\failsafe-3.3.2.jar;C:\Users\Amey\.m2\repository\org\seleniumhq\selenium\selenium-ie-driver\4.19.0\selenium-ie-driver-4.19.0.jar;C:\Users\Amey\.m2\repository\org\seleniumhq\selenium\selenium-remote-driver\4.19.0\selenium-remote-driver-4.19.0.jar;C:\Users\Amey\.m2\repository\com\google\guava\guava\33.1.0-jre\guava-33.1.0-jre.jar;C:\Users\Amey\.m2\repository\com\google\guava\failureaccess\1.0.2\failureaccess-1.0.2.jar;C:\Users\Amey\.m2\repository\com\google\guava\listenablefuture\9999.0-empty-to-avoid-conflict-with-guava\listenablefuture-9999.0-empty-to-avoid-conflict-with-guava.jar;C:\Users\Amey\.m2\repository\com\google\code\findbugs\jsr305\3.0.2\jsr305-3.0.2.jar;C:\Users\Amey\.m2\repository\org\checkerframework\checker-qual\3.42.0\checker-qual-3.42.0.jar;C:\Users\Amey\.m2\repository\com\google\errorprone\error_prone_annotations\2.26.1\error_prone_annotations-2.26.1.jar;C:\Users\Amey\.m2\repository\com\google\j2objc\j2objc-annotations\3.0.0\j2objc-annotations-3.0.0.jar;C:\Users\Amey\.m2\repository\io\opentelemetry\semconv\opentelemetry-semconv\1.23.1-alpha\opentelemetry-semconv-1.23.1-alpha.jar;C:\Users\Amey\.m2\repository\io\opentelemetry\opentelemetry-api\1.36.0\opentelemetry-api-1.36.0.jar;C:\Users\Amey\.m2\repository\io\opentelemetry\opentelemetry-context\1.36.0\opentelemetry-context-1.36.0.jar;C:\Users\Amey\.m2\repository\io\opentelemetry\opentelemetry-exporter-logging\1.36.0\opentelemetry-exporter-logging-1.36.0.jar;C:\Users\Amey\.m2\repository\io\opentelemetry\opentelemetry-sdk-common\1.36.0\opentelemetry-sdk-common-1.36.0.jar;C:\Users\Amey\.m2\repository\io\opentelemetry\opentelemetry-sdk-extension-autoconfigure-spi\1.36.0\opentelemetry-sdk-extension-autoconfigure-spi-1.36.0.jar;C:\Users\Amey\.m2\repository\io\opentelemetry\opentelemetry-sdk-extension-autoconfigure\1.36.0\opentelemetry-sdk-extension-autoconfigure-1.36.0.jar;C:\Users\Amey\.m2\repository\io\opentelemetry\opentelemetry-api-events\1.36.0-alpha\opentelemetry-api-events-1.36.0-alpha.jar;C:\Users\Amey\.m2\repository\io\opentelemetry\opentelemetry-sdk-trace\1.36.0\opentelemetry-sdk-trace-1.36.0.jar;C:\Users\Amey\.m2\repository\io\opentelemetry\opentelemetry-extension-incubator\1.36.0-alpha\opentelemetry-extension-incubator-1.36.0-alpha.jar;C:\Users\Amey\.m2\repository\io\opentelemetry\opentelemetry-sdk\1.36.0\opentelemetry-sdk-1.36.0.jar;C:\Users\Amey\.m2\repository\io\opentelemetry\opentelemetry-sdk-metrics\1.36.0\opentelemetry-sdk-metrics-1.36.0.jar;C:\Users\Amey\.m2\repository\io\opentelemetry\opentelemetry-sdk-logs\1.36.0\opentelemetry-sdk-logs-1.36.0.jar;C:\Users\Amey\.m2\repository\net\bytebuddy\byte-buddy\1.14.12\byte-buddy-1.14.12.jar;C:\Users\Amey\.m2\repository\org\seleniumhq\selenium\selenium-os\4.19.0\selenium-os-4.19.0.jar;C:\Users\Amey\.m2\repository\org\apache\commons\commons-exec\1.3\commons-exec-1.3.jar;C:\Users\Amey\.m2\repository\org\seleniumhq\selenium\selenium-safari-driver\4.19.0\selenium-safari-driver-4.19.0.jar;C:\Users\Amey\.m2\repository\org\seleniumhq\selenium\selenium-support\4.19.0\selenium-support-4.19.0.jar;"/>
    <property name="java.vm.vendor" value="Oracle Corporation"/>
    <property name="sun.arch.data.model" value="64"/>
    <property name="user.variant" value=""/>
    <property name="java.vendor.url" value="https://java.oracle.com/"/>
    <property name="user.timezone" value="America/New_York"/>
    <property name="os.name" value="Windows 11"/>
    <property name="java.vm.specification.version" value="17"/>
    <property name="sun.java.launcher" value="SUN_STANDARD"/>
    <property name="user.country" value="US"/>
    <property name="sun.boot.library.path" value="C:\Program Files\Java\jdk-17\bin"/>
    <property name="sun.java.command" value="C:\Users\Amey\AppData\Local\Temp\surefire5446266561752613952\surefirebooter11932685562883009012.jar C:\Users\Amey\AppData\Local\Temp\surefire5446266561752613952 2024-03-30T17-34-37_652-jvmRun1 surefire14009500876518843423tmp surefire_09390526606603311721tmp"/>
    <property name="jdk.debug" value="release"/>
    <property name="surefire.test.class.path" value="D:\JavaAutomationFrameworks\CucumberBDDWorkspace\HybridCucumberFramework\target\test-classes;D:\JavaAutomationFrameworks\CucumberBDDWorkspace\HybridCucumberFramework\target\classes;C:\Users\Amey\.m2\repository\junit\junit\4.11\junit-4.11.jar;C:\Users\Amey\.m2\repository\org\hamcrest\hamcrest-core\1.3\hamcrest-core-1.3.jar;C:\Users\Amey\.m2\repository\io\cucumber\cucumber-java\7.16.1\cucumber-java-7.16.1.jar;C:\Users\Amey\.m2\repository\org\apiguardian\apiguardian-api\1.1.2\apiguardian-api-1.1.2.jar;C:\Users\Amey\.m2\repository\io\cucumber\cucumber-junit\7.16.1\cucumber-junit-7.16.1.jar;C:\Users\Amey\.m2\repository\io\cucumber\cucumber-core\7.16.1\cucumber-core-7.16.1.jar;C:\Users\Amey\.m2\repository\io\cucumber\cucumber-gherkin\7.16.1\cucumber-gherkin-7.16.1.jar;C:\Users\Amey\.m2\repository\io\cucumber\cucumber-gherkin-messages\7.16.1\cucumber-gherkin-messages-7.16.1.jar;C:\Users\Amey\.m2\repository\io\cucumber\gherkin\28.0.0\gherkin-28.0.0.jar;C:\Users\Amey\.m2\repository\io\cucumber\messages\24.1.0\messages-24.1.0.jar;C:\Users\Amey\.m2\repository\io\cucumber\tag-expressions\6.1.0\tag-expressions-6.1.0.jar;C:\Users\Amey\.m2\repository\io\cucumber\cucumber-expressions\17.1.0\cucumber-expressions-17.1.0.jar;C:\Users\Amey\.m2\repository\io\cucumber\datatable\7.16.1\datatable-7.16.1.jar;C:\Users\Amey\.m2\repository\io\cucumber\cucumber-plugin\7.16.1\cucumber-plugin-7.16.1.jar;C:\Users\Amey\.m2\repository\io\cucumber\docstring\7.16.1\docstring-7.16.1.jar;C:\Users\Amey\.m2\repository\io\cucumber\html-formatter\21.3.0\html-formatter-21.3.0.jar;C:\Users\Amey\.m2\repository\io\cucumber\junit-xml-formatter\0.3.0\junit-xml-formatter-0.3.0.jar;C:\Users\Amey\.m2\repository\io\cucumber\ci-environment\10.0.1\ci-environment-10.0.1.jar;C:\Users\Amey\.m2\repository\org\seleniumhq\selenium\selenium-java\4.19.0\selenium-java-4.19.0.jar;C:\Users\Amey\.m2\repository\org\seleniumhq\selenium\selenium-api\4.19.0\selenium-api-4.19.0.jar;C:\Users\Amey\.m2\repository\org\seleniumhq\selenium\selenium-chrome-driver\4.19.0\selenium-chrome-driver-4.19.0.jar;C:\Users\Amey\.m2\repository\com\google\auto\service\auto-service-annotations\1.1.1\auto-service-annotations-1.1.1.jar;C:\Users\Amey\.m2\repository\org\seleniumhq\selenium\selenium-chromium-driver\4.19.0\selenium-chromium-driver-4.19.0.jar;C:\Users\Amey\.m2\repository\org\seleniumhq\selenium\selenium-json\4.19.0\selenium-json-4.19.0.jar;C:\Users\Amey\.m2\repository\org\seleniumhq\selenium\selenium-manager\4.19.0\selenium-manager-4.19.0.jar;C:\Users\Amey\.m2\repository\org\seleniumhq\selenium\selenium-devtools-v121\4.19.0\selenium-devtools-v121-4.19.0.jar;C:\Users\Amey\.m2\repository\org\seleniumhq\selenium\selenium-devtools-v122\4.19.0\selenium-devtools-v122-4.19.0.jar;C:\Users\Amey\.m2\repository\org\seleniumhq\selenium\selenium-devtools-v123\4.19.0\selenium-devtools-v123-4.19.0.jar;C:\Users\Amey\.m2\repository\org\seleniumhq\selenium\selenium-devtools-v85\4.19.0\selenium-devtools-v85-4.19.0.jar;C:\Users\Amey\.m2\repository\org\seleniumhq\selenium\selenium-edge-driver\4.19.0\selenium-edge-driver-4.19.0.jar;C:\Users\Amey\.m2\repository\org\seleniumhq\selenium\selenium-firefox-driver\4.19.0\selenium-firefox-driver-4.19.0.jar;C:\Users\Amey\.m2\repository\org\seleniumhq\selenium\selenium-http\4.19.0\selenium-http-4.19.0.jar;C:\Users\Amey\.m2\repository\dev\failsafe\failsafe\3.3.2\failsafe-3.3.2.jar;C:\Users\Amey\.m2\repository\org\seleniumhq\selenium\selenium-ie-driver\4.19.0\selenium-ie-driver-4.19.0.jar;C:\Users\Amey\.m2\repository\org\seleniumhq\selenium\selenium-remote-driver\4.19.0\selenium-remote-driver-4.19.0.jar;C:\Users\Amey\.m2\repository\com\google\guava\guava\33.1.0-jre\guava-33.1.0-jre.jar;C:\Users\Amey\.m2\repository\com\google\guava\failureaccess\1.0.2\failureaccess-1.0.2.jar;C:\Users\Amey\.m2\repository\com\google\guava\listenablefuture\9999.0-empty-to-avoid-conflict-with-guava\listenablefuture-9999.0-empty-to-avoid-conflict-with-guava.jar;C:\Users\Amey\.m2\repository\com\google\code\findbugs\jsr305\3.0.2\jsr305-3.0.2.jar;C:\Users\Amey\.m2\repository\org\checkerframework\checker-qual\3.42.0\checker-qual-3.42.0.jar;C:\Users\Amey\.m2\repository\com\google\errorprone\error_prone_annotations\2.26.1\error_prone_annotations-2.26.1.jar;C:\Users\Amey\.m2\repository\com\google\j2objc\j2objc-annotations\3.0.0\j2objc-annotations-3.0.0.jar;C:\Users\Amey\.m2\repository\io\opentelemetry\semconv\opentelemetry-semconv\1.23.1-alpha\opentelemetry-semconv-1.23.1-alpha.jar;C:\Users\Amey\.m2\repository\io\opentelemetry\opentelemetry-api\1.36.0\opentelemetry-api-1.36.0.jar;C:\Users\Amey\.m2\repository\io\opentelemetry\opentelemetry-context\1.36.0\opentelemetry-context-1.36.0.jar;C:\Users\Amey\.m2\repository\io\opentelemetry\opentelemetry-exporter-logging\1.36.0\opentelemetry-exporter-logging-1.36.0.jar;C:\Users\Amey\.m2\repository\io\opentelemetry\opentelemetry-sdk-common\1.36.0\opentelemetry-sdk-common-1.36.0.jar;C:\Users\Amey\.m2\repository\io\opentelemetry\opentelemetry-sdk-extension-autoconfigure-spi\1.36.0\opentelemetry-sdk-extension-autoconfigure-spi-1.36.0.jar;C:\Users\Amey\.m2\repository\io\opentelemetry\opentelemetry-sdk-extension-autoconfigure\1.36.0\opentelemetry-sdk-extension-autoconfigure-1.36.0.jar;C:\Users\Amey\.m2\repository\io\opentelemetry\opentelemetry-api-events\1.36.0-alpha\opentelemetry-api-events-1.36.0-alpha.jar;C:\Users\Amey\.m2\repository\io\opentelemetry\opentelemetry-sdk-trace\1.36.0\opentelemetry-sdk-trace-1.36.0.jar;C:\Users\Amey\.m2\repository\io\opentelemetry\opentelemetry-extension-incubator\1.36.0-alpha\opentelemetry-extension-incubator-1.36.0-alpha.jar;C:\Users\Amey\.m2\repository\io\opentelemetry\opentelemetry-sdk\1.36.0\opentelemetry-sdk-1.36.0.jar;C:\Users\Amey\.m2\repository\io\opentelemetry\opentelemetry-sdk-metrics\1.36.0\opentelemetry-sdk-metrics-1.36.0.jar;C:\Users\Amey\.m2\repository\io\opentelemetry\opentelemetry-sdk-logs\1.36.0\opentelemetry-sdk-logs-1.36.0.jar;C:\Users\Amey\.m2\repository\net\bytebuddy\byte-buddy\1.14.12\byte-buddy-1.14.12.jar;C:\Users\Amey\.m2\repository\org\seleniumhq\selenium\selenium-os\4.19.0\selenium-os-4.19.0.jar;C:\Users\Amey\.m2\repository\org\apache\commons\commons-exec\1.3\commons-exec-1.3.jar;C:\Users\Amey\.m2\repository\org\seleniumhq\selenium\selenium-safari-driver\4.19.0\selenium-safari-driver-4.19.0.jar;C:\Users\Amey\.m2\repository\org\seleniumhq\selenium\selenium-support\4.19.0\selenium-support-4.19.0.jar;"/>
    <property name="sun.cpu.endian" value="little"/>
    <property name="user.home" value="C:\Users\Amey"/>
    <property name="user.language" value="en"/>
    <property name="java.specification.vendor" value="Oracle Corporation"/>
    <property name="java.version.date" value="2023-04-18"/>
    <property name="java.home" value="C:\Program Files\Java\jdk-17"/>
    <property name="file.separator" value="\"/>
    <property name="basedir" value="D:\JavaAutomationFrameworks\CucumberBDDWorkspace\HybridCucumberFramework"/>
    <property name="java.vm.compressedOopsMode" value="Zero based"/>
    <property name="line.separator" value="&#10;"/>
    <property name="java.vm.specification.vendor" value="Oracle Corporation"/>
    <property name="java.specification.name" value="Java Platform API Specification"/>
    <property name="surefire.real.class.path" value="C:\Users\Amey\AppData\Local\Temp\surefire5446266561752613952\surefirebooter11932685562883009012.jar"/>
    <property name="user.script" value=""/>
    <property name="sun.management.compiler" value="HotSpot 64-Bit Tiered Compilers"/>
    <property name="java.runtime.version" value="17.0.7+8-LTS-224"/>
    <property name="user.name" value="Amey"/>
    <property name="path.separator" value=";"/>
    <property name="os.version" value="10.0"/>
    <property name="java.runtime.name" value="Java(TM) SE Runtime Environment"/>
    <property name="file.encoding" value="Cp1252"/>
    <property name="java.vm.name" value="Java HotSpot(TM) 64-Bit Server VM"/>
    <property name="localRepository" value="C:\Users\Amey\.m2\repository"/>
    <property name="java.vendor.url.bug" value="https://bugreport.java.com/bugreport/"/>
    <property name="java.io.tmpdir" value="C:\Users\Amey\AppData\Local\Temp\"/>
    <property name="java.version" value="17.0.7"/>
    <property name="user.dir" value="D:\JavaAutomationFrameworks\CucumberBDDWorkspace\HybridCucumberFramework"/>
    <property name="os.arch" value="amd64"/>
    <property name="java.vm.specification.name" value="Java Virtual Machine Specification"/>
    <property name="sun.os.patch.level" value=""/>
    <property name="native.encoding" value="Cp1252"/>
    <property name="java.library.path" value="C:\Program Files\Java\jdk-17\bin;C:\WINDOWS\Sun\Java\bin;C:\WINDOWS\system32;C:\WINDOWS;C:\Program Files\Common Files\Oracle\Java\javapath;C:\Windows\system32;C:\Windows;C:\Windows\System32\Wbem;C:\Windows\System32\WindowsPowerShell\v1.0\;C:\Windows\System32\OpenSSH\;C:\Program Files (x86)\NVIDIA Corporation\PhysX\Common;C:\WINDOWS\system32;C:\WINDOWS;C:\WINDOWS\System32\Wbem;C:\WINDOWS\System32\WindowsPowerShell\v1.0\;C:\WINDOWS\System32\OpenSSH\;C:\WINDOWS\system32;G:\Softwares\Microsoft VS Code\bin;C:\Program Files\Git\cmd;C:\Users\Amey\allure-2.27.0\bin;C:\Program Files\apache-maven-3.9.6\bin;C:\Users\Amey\.pyenv\pyenv-win\bin;C:\Users\Amey\.pyenv\pyenv-win\shims;C:\Users\Amey\AppData\Local\Programs\Python\Python310\Scripts\;C:\Users\Amey\AppData\Local\Programs\Python\Python310\;C:\Users\Amey\AppData\Local\Microsoft\WindowsApps;C:\msys64\mingw64\bin;C:\Program Files\Java\jdk-11\bin;C:\Program Files\Java\jdk-17\bin;G:\Softwares\PyCharm Community Edition 2023.3.3\bin;."/>
    <property name="java.vm.info" value="mixed mode, sharing"/>
    <property name="java.vendor" value="Oracle Corporation"/>
    <property name="java.vm.version" value="17.0.7+8-LTS-224"/>
    <property name="sun.io.unicode.encoding" value="UnicodeLittle"/>
    <property name="java.class.version" value="61.0"/>
  </properties>
  <testcase name="Login with valid credentials #1" classname="Login functionality" time="8.202"/>
  <testcase name="Login with valid credentials #2" classname="Login functionality" time="7.871"/>
  <testcase name="Login with valid credentials #3" classname="Login functionality" time="7.412"/>
  <testcase name="Login with invalid credentials" classname="Login functionality" time="7.898"/>
  <testcase name="Login with valid email and invalid password" classname="Login functionality" time="7.589">
    <failure type="java.lang.AssertionError">java.lang.AssertionError
</failure>
    <system-out><![CDATA[
Scenario: Login with valid email and invalid password                                                   &amp#27;[90m# src/test/resources/features/Login.feature:22&amp#27;[0m
  &amp#27;[32mGiven &amp#27;[0m&amp#27;[32mUser navigates to Login page&amp#27;[0m                                                                    &amp#27;[90m# stepdefinitions.Login.User_navigates_to_Login_page()&amp#27;[0m
  &amp#27;[32mWhen &amp#27;[0m&amp#27;[32mUser enters valid email address &amp#27;[0m&amp#27;[32m&amp#27;[1m"testautonare1@gmail.com"&amp#27;[0m&amp#27;[32m into the email field&amp#27;[0m                   &amp#27;[90m# stepdefinitions.Login.User_enters_valid_email_address_into_the_email_field(java.lang.String)&amp#27;[0m
  &amp#27;[32mAnd &amp#27;[0m&amp#27;[32mUser has entered invalid password &amp#27;[0m&amp#27;[32m&amp#27;[1m"1234567890"&amp#27;[0m&amp#27;[32m into password field&amp#27;[0m                                &amp#27;[90m# stepdefinitions.Login.user_has_entered_invalid_password_into_password_field(java.lang.String)&amp#27;[0m
  &amp#27;[32mAnd &amp#27;[0m&amp#27;[32mUser clicks on Login button&amp#27;[0m                                                                       &amp#27;[90m# stepdefinitions.Login.user_clicks_on_login_button()&amp#27;[0m
  &amp#27;[31mThen &amp#27;[0m&amp#27;[31mUser should not get logged in and should get a proper warning message about credentials mismatch&amp#27;[0m &amp#27;[90m# stepdefinitions.Login.user_should_not_get_logged_in_and_should_get_a_proper_warning_message_about_credentials_mismatch()&amp#27;[0m
      &amp#27;[31mjava.lang.AssertionError
	at org.junit.Assert.fail(Assert.java:86)
	at org.junit.Assert.assertTrue(Assert.java:41)
	at org.junit.Assert.assertTrue(Assert.java:52)
	at stepdefinitions.Login.user_should_not_get_logged_in_and_should_get_a_proper_warning_message_about_credentials_mismatch(Login.java:66)
	at âœ½.User should not get logged in and should get a proper warning message about credentials mismatch(file:///D:/JavaAutomationFrameworks/CucumberBDDWorkspace/HybridCucumberFramework/src/test/resources/features/Login.feature:27)
&amp#27;[0m

    Embedding Login_with_valid_email_and_invalid_password [image/png 116679 bytes]

]]></system-out>
  </testcase>
  <testcase name="Login with invalid email and valid password" classname="Login functionality" time="7.297"/>
  <testcase name="Login without providing any credentials" classname="Login functionality" time="7.496"/>
  <testcase name="User creates an account only with mandatory fields" classname="Registeration Functionality" time="9.571"/>
  <testcase name="User creates an account with all fields" classname="Registeration Functionality" time="13.306"/>
  <testcase name="User creates a duplicate account" classname="Registeration Functionality" time="9.683"/>
  <testcase name="User creates an account without filling any details" classname="Registeration Functionality" time="7.534"/>
  <testcase name="User searches for a valid product" classname="Search functionality" time="10.817"/>
  <testcase name="User searches for an invalid product" classname="Search functionality" time="10.818"/>
  <testcase name="User searches without any product" classname="Search functionality" time="5.867"/>
</testsuite>